[[1;34mINFO[m] Scanning for projects...
[[1;33mWARNING[m] 
[[1;33mWARNING[m] Some problems were encountered while building the effective model for com.example:search-query:jar:1.0.0
[[1;33mWARNING[m] 'dependencies.dependency.scope' for org.springframework.cloud:spring-cloud-dependencies:pom must be one of [provided, compile, runtime, test, system] but is 'import'. @ line 56, column 20
[[1;33mWARNING[m] 
[[1;33mWARNING[m] It is highly recommended to fix these problems because they threaten the stability of your build.
[[1;33mWARNING[m] 
[[1;33mWARNING[m] For this reason, future Maven versions might no longer support building such malformed projects.
[[1;33mWARNING[m] 
[[1;34mINFO[m] 
[[1;34mINFO[m] [1m----------------------< [0;36mcom.example:search-query[0;1m >----------------------[m
[[1;34mINFO[m] [1mBuilding search-query 1.0.0[m
[[1;34mINFO[m] [1m--------------------------------[ jar ]---------------------------------[m
[[1;34mINFO[m] 
[[1;34mINFO[m] [1m>>> [0;32mspring-boot-maven-plugin:3.1.2:run[m [1m(default-cli)[0;1m > [0;1mtest-compile[m @ [36msearch-query[0;1m >>>[m
[[1;34mINFO[m] 
[[1;34mINFO[m] [1m--- [0;32mmaven-resources-plugin:3.3.1:resources[m [1m(default-resources)[m @ [36msearch-query[0;1m ---[m
[[1;34mINFO[m] Copying 2 resources from src/main/resources to target/classes
[[1;34mINFO[m] Copying 0 resource from src/main/resources to target/classes
[[1;34mINFO[m] 
[[1;34mINFO[m] [1m--- [0;32mmaven-compiler-plugin:3.11.0:compile[m [1m(default-compile)[m @ [36msearch-query[0;1m ---[m
[[1;34mINFO[m] Changes detected - recompiling the module! :source
[[1;34mINFO[m] Compiling 5 source files with javac [debug release 21] to target/classes
[[1;34mINFO[m] 
[[1;34mINFO[m] [1m--- [0;32mmaven-resources-plugin:3.3.1:testResources[m [1m(default-testResources)[m @ [36msearch-query[0;1m ---[m
[[1;34mINFO[m] skip non existing resourceDirectory /home/andrewy/Distributed-Search-Query/search-query/src/test/resources
[[1;34mINFO[m] 
[[1;34mINFO[m] [1m--- [0;32mmaven-compiler-plugin:3.11.0:testCompile[m [1m(default-testCompile)[m @ [36msearch-query[0;1m ---[m
[[1;34mINFO[m] Changes detected - recompiling the module! :dependency
[[1;34mINFO[m] Compiling 1 source file with javac [debug release 21] to target/test-classes
[[1;34mINFO[m] 
[[1;34mINFO[m] [1m<<< [0;32mspring-boot-maven-plugin:3.1.2:run[m [1m(default-cli)[0;1m < [0;1mtest-compile[m @ [36msearch-query[0;1m <<<[m
[[1;34mINFO[m] 
[[1;34mINFO[m] 
[[1;34mINFO[m] [1m--- [0;32mspring-boot-maven-plugin:3.1.2:run[m [1m(default-cli)[m @ [36msearch-query[0;1m ---[m
[[1;34mINFO[m] Attaching agents: []

  .   ____          _            __ _ _
 /\\ / ___'_ __ _ _(_)_ __  __ _ \ \ \ \
( ( )\___ | '_ | '_| | '_ \/ _` | \ \ \ \
 \\/  ___)| |_)| | | | | || (_| |  ) ) ) )
  '  |____| .__|_| |_|_| |_\__, | / / / /
 =========|_|==============|___/=/_/_/_/
 :: Spring Boot ::                (v3.1.2)

2025-03-08T19:32:22.515-05:00  INFO 25606 --- [           main] com.example.demo.DemoApplication         : Starting DemoApplication using Java 21.0.6 with PID 25606 (/home/andrewy/Distributed-Search-Query/search-query/target/classes started by andrewy in /home/andrewy/Distributed-Search-Query/search-query)
2025-03-08T19:32:22.519-05:00  INFO 25606 --- [           main] com.example.demo.DemoApplication         : No active profile set, falling back to 1 default profile: "default"
2025-03-08T19:32:23.148-05:00  INFO 25606 --- [           main] .s.d.r.c.RepositoryConfigurationDelegate : Multiple Spring Data modules found, entering strict repository configuration mode
2025-03-08T19:32:23.150-05:00  INFO 25606 --- [           main] .s.d.r.c.RepositoryConfigurationDelegate : Bootstrapping Spring Data Elasticsearch repositories in DEFAULT mode.
2025-03-08T19:32:23.165-05:00  INFO 25606 --- [           main] .s.d.r.c.RepositoryConfigurationDelegate : Finished Spring Data repository scanning in 12 ms. Found 0 Elasticsearch repository interfaces.
2025-03-08T19:32:23.173-05:00  INFO 25606 --- [           main] .s.d.r.c.RepositoryConfigurationDelegate : Multiple Spring Data modules found, entering strict repository configuration mode
2025-03-08T19:32:23.174-05:00  INFO 25606 --- [           main] .s.d.r.c.RepositoryConfigurationDelegate : Bootstrapping Spring Data Reactive Elasticsearch repositories in DEFAULT mode.
2025-03-08T19:32:23.177-05:00  INFO 25606 --- [           main] .s.d.r.c.RepositoryConfigurationDelegate : Finished Spring Data repository scanning in 2 ms. Found 0 Reactive Elasticsearch repository interfaces.
2025-03-08T19:32:23.191-05:00  INFO 25606 --- [           main] .s.d.r.c.RepositoryConfigurationDelegate : Multiple Spring Data modules found, entering strict repository configuration mode
2025-03-08T19:32:23.192-05:00  INFO 25606 --- [           main] .s.d.r.c.RepositoryConfigurationDelegate : Bootstrapping Spring Data Redis repositories in DEFAULT mode.
2025-03-08T19:32:23.201-05:00  INFO 25606 --- [           main] .s.d.r.c.RepositoryConfigurationDelegate : Finished Spring Data repository scanning in 1 ms. Found 0 Redis repository interfaces.
2025-03-08T19:32:23.715-05:00  INFO 25606 --- [           main] o.s.b.w.embedded.tomcat.TomcatWebServer  : Tomcat initialized with port(s): 8080 (http)
2025-03-08T19:32:23.727-05:00  INFO 25606 --- [           main] o.apache.catalina.core.StandardService   : Starting service [Tomcat]
2025-03-08T19:32:23.727-05:00  INFO 25606 --- [           main] o.apache.catalina.core.StandardEngine    : Starting Servlet engine: [Apache Tomcat/10.1.11]
2025-03-08T19:32:23.855-05:00  INFO 25606 --- [           main] o.a.c.c.C.[Tomcat].[localhost].[/]       : Initializing Spring embedded WebApplicationContext
2025-03-08T19:32:23.857-05:00  INFO 25606 --- [           main] w.s.c.ServletWebServerApplicationContext : Root WebApplicationContext: initialization completed in 1275 ms
2025-03-08T19:32:25.060-05:00  INFO 25606 --- [           main] o.s.b.w.embedded.tomcat.TomcatWebServer  : Tomcat started on port(s): 8080 (http) with context path ''
2025-03-08T19:32:25.069-05:00  INFO 25606 --- [           main] com.example.demo.DemoApplication         : Started DemoApplication in 3.02 seconds (process running for 3.392)
2025-03-08T19:33:25.663-05:00  INFO 25606 --- [nio-8080-exec-1] o.a.c.c.C.[Tomcat].[localhost].[/]       : Initializing Spring DispatcherServlet 'dispatcherServlet'
2025-03-08T19:33:25.664-05:00  INFO 25606 --- [nio-8080-exec-1] o.s.web.servlet.DispatcherServlet        : Initializing Servlet 'dispatcherServlet'
2025-03-08T19:33:25.667-05:00  INFO 25606 --- [nio-8080-exec-1] o.s.web.servlet.DispatcherServlet        : Completed initialization in 3 ms
